<?xml version="1.0" encoding="UTF-8"?>
<!-- Generated by org.testng.reporters.JUnitReportReporter -->
<testsuite hostname="Saikats-MacBook-Pro.local" failures="0" tests="2" name="com.qa.project.tests.LoginPageTest" time="4.813" errors="0" timestamp="09 Mar 2024 23:16:35 GMT" skipped="0">
  <testcase classname="com.qa.project.tests.LoginPageTest" name="verifySuccesfullyloadedLoginpage" time="3.474"/>
  <testcase classname="com.qa.project.tests.LoginPageTest" name="verifySuccesfullyLoggedIn" time="1.339"/>
</testsuite> <!-- com.qa.project.tests.LoginPageTest -->
