<?xml version="1.0" encoding="UTF-8"?>
<!-- Generated by org.testng.reporters.JUnitReportReporter -->
<testsuite hostname="Saikats-MacBook-Pro.local" failures="0" tests="1" name="com.qa.opencart.tests.LoginPageTest" time="1.911" errors="0" timestamp="09 Mar 2024 18:01:30 GMT" skipped="0">
  <testcase classname="com.qa.opencart.tests.LoginPageTest" name="verifySuccesfullyLoggedIn" time="1.911"/>
</testsuite> <!-- com.qa.opencart.tests.LoginPageTest -->
