<?xml version="1.0" encoding="UTF-8"?>
<!-- Generated by org.testng.reporters.JUnitReportReporter -->
<testsuite hostname="Saikats-MacBook-Pro.local" failures="0" tests="5" name="com.qa.opencart.tests.HomePageTest" time="5.104" errors="0" timestamp="09 Mar 2024 21:50:34 GMT" skipped="0">
  <testcase classname="com.qa.opencart.tests.HomePageTest" name="homePageTitleTest" time="0.631"/>
  <testcase classname="com.qa.opencart.tests.HomePageTest" name="homePageURLTest" time="0.001"/>
  <testcase classname="com.qa.opencart.tests.HomePageTest" name="searchTest" time="2.921"/>
  <testcase classname="com.qa.opencart.tests.HomePageTest" name="searchTest" time="0.663"/>
  <testcase classname="com.qa.opencart.tests.HomePageTest" name="searchTest" time="0.888"/>
</testsuite> <!-- com.qa.opencart.tests.HomePageTest -->
