<?xml version="1.0" encoding="UTF-8"?>
<!-- Generated by org.testng.reporters.JUnitReportReporter -->
<testsuite hostname="Saikats-MacBook-Pro.local" failures="0" tests="2" name="com.qa.opencart.tests.LoginPageTest" time="4.793" errors="0" timestamp="09 Mar 2024 21:50:34 GMT" skipped="0">
  <testcase classname="com.qa.opencart.tests.LoginPageTest" name="verifySuccesfullyloadedLoginpage" time="3.402"/>
  <testcase classname="com.qa.opencart.tests.LoginPageTest" name="verifySuccesfullyLoggedIn" time="1.391"/>
</testsuite> <!-- com.qa.opencart.tests.LoginPageTest -->
