<?xml version="1.0" encoding="UTF-8"?>
<!-- Generated by org.testng.reporters.JUnitReportReporter -->
<testsuite hostname="Saikats-MacBook-Pro.local" failures="0" tests="5" name="com.qa.opencart.tests.HomePageTest" time="4.611" errors="0" timestamp="09 Mar 2024 19:41:24 GMT" skipped="0">
  <testcase classname="com.qa.opencart.tests.HomePageTest" name="homePageTitleTest" time="0.552"/>
  <testcase classname="com.qa.opencart.tests.HomePageTest" name="homePageURLTest" time="0.003"/>
  <testcase classname="com.qa.opencart.tests.HomePageTest" name="searchTest" time="0.539"/>
  <testcase classname="com.qa.opencart.tests.HomePageTest" name="searchTest" time="1.106"/>
  <testcase classname="com.qa.opencart.tests.HomePageTest" name="searchTest" time="2.411"/>
</testsuite> <!-- com.qa.opencart.tests.HomePageTest -->
