<?xml version="1.0" encoding="UTF-8"?>
<!-- Generated by org.testng.reporters.JUnitReportReporter -->
<testsuite hostname="Saikats-MacBook-Pro.local" failures="0" tests="5" name="com.qa.project.tests.HomePageTest" time="3.863" errors="0" timestamp="09 Mar 2024 23:16:35 GMT" skipped="0">
  <testcase classname="com.qa.project.tests.HomePageTest" name="homePageTitleTest" time="0.382"/>
  <testcase classname="com.qa.project.tests.HomePageTest" name="homePageURLTest" time="0.003"/>
  <testcase classname="com.qa.project.tests.HomePageTest" name="searchTest" time="0.540"/>
  <testcase classname="com.qa.project.tests.HomePageTest" name="searchTest" time="2.307"/>
  <testcase classname="com.qa.project.tests.HomePageTest" name="searchTest" time="0.631"/>
</testsuite> <!-- com.qa.project.tests.HomePageTest -->
