<?xml version="1.0" encoding="UTF-8"?>
<!-- Generated by org.testng.reporters.JUnitReportReporter -->
<testsuite hostname="Saikats-MacBook-Pro.local" failures="0" tests="5" name="com.qa.opencart.tests.HomePageTest" time="4.158" errors="0" timestamp="09 Mar 2024 22:57:10 GMT" skipped="0">
  <testcase classname="com.qa.opencart.tests.HomePageTest" name="homePageTitleTest" time="0.523"/>
  <testcase classname="com.qa.opencart.tests.HomePageTest" name="homePageURLTest" time="0.004"/>
  <testcase classname="com.qa.opencart.tests.HomePageTest" name="searchTest" time="0.797"/>
  <testcase classname="com.qa.opencart.tests.HomePageTest" name="searchTest" time="2.141"/>
  <testcase classname="com.qa.opencart.tests.HomePageTest" name="searchTest" time="0.693"/>
</testsuite> <!-- com.qa.opencart.tests.HomePageTest -->
